2025-09-30 18:20:14 | INFO     | gsb_selenium.core.gsb:__init__:57 - GSB-Selenium instance main initialized
2025-09-30 18:20:14 | INFO     | gsb_selenium.utils.logger:log_proxy_info:81 - [main] Using proxy: https://***:***@customer-nivos_qR24w-cc-us-sessid-606233082-sesstime-10:Niv220niv220_@pr.oxylabs.io:7777
2025-09-30 18:20:14 | INFO     | gsb_selenium.core.gsb:run_search_session:69 - Starting search session with 1 searches
2025-09-30 18:20:14 | DEBUG    | gsb_selenium.utils.search_manager:get_next_search_term:87 - Selected search term: 'top graphic design services test'
2025-09-30 18:20:15 | INFO     | gsb_selenium.utils.logger:start_run:95 - Starting run run_20250930_182015 - Search: 'top graphic design services test', Target: 'quizlet.com'
2025-09-30 18:20:15 | INFO     | gsb_selenium.utils.logger:log_search_start:57 - [main] Starting search for: 'top graphic design services test'
2025-09-30 18:20:15 | DEBUG    | gsb_selenium.utils.profile_manager:_setup_profile_structure:186 - Created profile structure for Profile899486
2025-09-30 18:20:15 | DEBUG    | gsb_selenium.utils.profile_manager:_setup_profile_history:213 - Created empty History file
2025-09-30 18:20:15 | INFO     | gsb_selenium.utils.profile_manager:create_random_profile:96 - Created Chrome profile: Profile899486
2025-09-30 18:20:15 | INFO     | gsb_selenium.utils.profile_manager:create_random_profile:103 - Profile created: Profile899486
2025-09-30 18:20:15 | INFO     | gsb_selenium.utils.stealth_driver:_create_chrome_options:82 - Profile args: {'user_data_dir': '/Users/neevassouline/Library/Application Support/Google/Chrome', 'profile_directory': 'Profile899486'}
2025-09-30 18:20:15 | INFO     | gsb_selenium.utils.stealth_driver:_create_chrome_options:86 - Using Chrome profile: Profile899486
2025-09-30 18:21:18 | ERROR    | gsb_selenium.utils.logger:log_error:87 - [main] Search failed: Message: session not created: cannot connect to chrome at 127.0.0.1:49237
from chrome not reachable; For documentation on this error, please visit: https://www.selenium.dev/documentation/webdriver/troubleshooting/errors#sessionnotcreatedexception
Stacktrace:
0   undetected_chromedriver             0x000000010556f908 undetected_chromedriver + 6379784
1   undetected_chromedriver             0x000000010556700a undetected_chromedriver + 6344714
2   undetected_chromedriver             0x0000000104fc2c33 undetected_chromedriver + 429107
3   undetected_chromedriver             0x0000000104fae7c2 undetected_chromedriver + 346050
4   undetected_chromedriver             0x0000000105002fa9 undetected_chromedriver + 692137
5   undetected_chromedriver             0x0000000104ff83ad undetected_chromedriver + 648109
6   undetected_chromedriver             0x00000001050494b1 undetected_chromedriver + 980145
7   undetected_chromedriver             0x0000000105048b46 undetected_chromedriver + 977734
8   undetected_chromedriver             0x000000010503aea3 undetected_chromedriver + 921251
9   undetected_chromedriver             0x000000010500739a undetected_chromedriver + 709530
10  undetected_chromedriver             0x0000000105008061 undetected_chromedriver + 712801
11  undetected_chromedriver             0x000000010552d7b0 undetected_chromedriver + 6109104
12  undetected_chromedriver             0x0000000105531635 undetected_chromedriver + 6125109
13  undetected_chromedriver             0x0000000105508c67 undetected_chromedriver + 5958759
14  undetected_chromedriver             0x00000001055320af undetected_chromedriver + 6127791
15  undetected_chromedriver             0x00000001054f7fe4 undetected_chromedriver + 5890020
16  undetected_chromedriver             0x0000000105554258 undetected_chromedriver + 6267480
17  undetected_chromedriver             0x000000010555441c undetected_chromedriver + 6267932
18  undetected_chromedriver             0x0000000105566be1 undetected_chromedriver + 6343649
19  libsystem_pthread.dylib             0x00007ff800e4b202 _pthread_start + 99
20  libsystem_pthread.dylib             0x00007ff800e46bab thread_start + 15

2025-09-30 18:21:18 | INFO     | gsb_selenium.utils.logger:end_run:102 - Run run_20250930_182015 completed in 63.64s - FAILED
2025-09-30 18:21:18 | INFO     | gsb_selenium.cli:run:64 - GSB-Selenium instance 'main' completed successfully
2025-09-30 18:21:55 | INFO     | gsb_selenium.core.gsb:__init__:57 - GSB-Selenium instance main initialized
2025-09-30 18:21:55 | INFO     | gsb_selenium.utils.logger:log_proxy_info:81 - [main] Using proxy: https://***:***@customer-nivos_qR24w-cc-us-sessid-606171919-sesstime-10:Niv220niv220_@pr.oxylabs.io:7777
2025-09-30 18:21:55 | INFO     | gsb_selenium.core.gsb:run_search_session:69 - Starting search session with 1 searches
2025-09-30 18:21:55 | DEBUG    | gsb_selenium.utils.search_manager:get_next_search_term:87 - Selected search term: 'top marketing analytics company test'
2025-09-30 18:21:55 | INFO     | gsb_selenium.utils.logger:start_run:95 - Starting run run_20250930_182155 - Search: 'top marketing analytics company test', Target: 'quizlet.com'
2025-09-30 18:21:55 | INFO     | gsb_selenium.utils.logger:log_search_start:57 - [main] Starting search for: 'top marketing analytics company test'
2025-09-30 18:21:55 | DEBUG    | gsb_selenium.utils.profile_manager:_setup_profile_structure:186 - Created profile structure for Profile762803
2025-09-30 18:21:55 | DEBUG    | gsb_selenium.utils.profile_manager:_setup_profile_history:213 - Created empty History file
2025-09-30 18:21:55 | INFO     | gsb_selenium.utils.profile_manager:create_random_profile:96 - Created Chrome profile: Profile762803
2025-09-30 18:21:55 | INFO     | gsb_selenium.utils.profile_manager:create_random_profile:103 - Profile created: Profile762803
2025-09-30 18:21:55 | INFO     | gsb_selenium.utils.stealth_driver:_create_chrome_options:82 - Profile args: {'user_data_dir': '/Users/neevassouline/Library/Application Support/Google/Chrome', 'profile_directory': 'Profile762803'}
2025-09-30 18:21:55 | INFO     | gsb_selenium.utils.stealth_driver:_create_chrome_options:86 - Using Chrome profile: Profile762803
2025-09-30 18:22:59 | ERROR    | gsb_selenium.utils.logger:log_error:87 - [main] Search failed: Message: session not created: cannot connect to chrome at 127.0.0.1:50403
from chrome not reachable; For documentation on this error, please visit: https://www.selenium.dev/documentation/webdriver/troubleshooting/errors#sessionnotcreatedexception
Stacktrace:
0   undetected_chromedriver             0x00000001053b4908 undetected_chromedriver + 6379784
1   undetected_chromedriver             0x00000001053ac00a undetected_chromedriver + 6344714
2   undetected_chromedriver             0x0000000104e07c33 undetected_chromedriver + 429107
3   undetected_chromedriver             0x0000000104df37c2 undetected_chromedriver + 346050
4   undetected_chromedriver             0x0000000104e47fa9 undetected_chromedriver + 692137
5   undetected_chromedriver             0x0000000104e3d3ad undetected_chromedriver + 648109
6   undetected_chromedriver             0x0000000104e8e4b1 undetected_chromedriver + 980145
7   undetected_chromedriver             0x0000000104e8db46 undetected_chromedriver + 977734
8   undetected_chromedriver             0x0000000104e7fea3 undetected_chromedriver + 921251
9   undetected_chromedriver             0x0000000104e4c39a undetected_chromedriver + 709530
10  undetected_chromedriver             0x0000000104e4d061 undetected_chromedriver + 712801
11  undetected_chromedriver             0x00000001053727b0 undetected_chromedriver + 6109104
12  undetected_chromedriver             0x0000000105376635 undetected_chromedriver + 6125109
13  undetected_chromedriver             0x000000010534dc67 undetected_chromedriver + 5958759
14  undetected_chromedriver             0x00000001053770af undetected_chromedriver + 6127791
15  undetected_chromedriver             0x000000010533cfe4 undetected_chromedriver + 5890020
16  undetected_chromedriver             0x0000000105399258 undetected_chromedriver + 6267480
17  undetected_chromedriver             0x000000010539941c undetected_chromedriver + 6267932
18  undetected_chromedriver             0x00000001053abbe1 undetected_chromedriver + 6343649
19  libsystem_pthread.dylib             0x00007ff800e4b202 _pthread_start + 99
20  libsystem_pthread.dylib             0x00007ff800e46bab thread_start + 15

2025-09-30 18:22:59 | INFO     | gsb_selenium.utils.logger:end_run:102 - Run run_20250930_182155 completed in 63.65s - FAILED
2025-09-30 18:22:59 | INFO     | gsb_selenium.cli:run:64 - GSB-Selenium instance 'main' completed successfully
2025-09-30 18:23:28 | INFO     | gsb_selenium.core.gsb:__init__:57 - GSB-Selenium instance main initialized
2025-09-30 18:23:28 | INFO     | gsb_selenium.utils.logger:log_proxy_info:81 - [main] Using proxy: https://***:***@customer-nivos_qR24w-cc-us-sessid-606238729-sesstime-10:Niv220niv220_@pr.oxylabs.io:7777
2025-09-30 18:23:28 | INFO     | gsb_selenium.core.gsb:run_search_session:69 - Starting search session with 1 searches
2025-09-30 18:23:28 | DEBUG    | gsb_selenium.utils.search_manager:get_next_search_term:87 - Selected search term: 'best conversion optimization company test'
2025-09-30 18:23:28 | INFO     | gsb_selenium.utils.logger:start_run:95 - Starting run run_20250930_182328 - Search: 'best conversion optimization company test', Target: 'quizlet.com'
2025-09-30 18:23:28 | INFO     | gsb_selenium.utils.logger:log_search_start:57 - [main] Starting search for: 'best conversion optimization company test'
2025-09-30 18:23:28 | DEBUG    | gsb_selenium.utils.profile_manager:_setup_profile_structure:186 - Created profile structure for Profile794234
2025-09-30 18:23:28 | DEBUG    | gsb_selenium.utils.profile_manager:_setup_profile_history:213 - Created empty History file
2025-09-30 18:23:28 | INFO     | gsb_selenium.utils.profile_manager:create_random_profile:96 - Created Chrome profile: Profile794234
2025-09-30 18:23:28 | INFO     | gsb_selenium.utils.profile_manager:create_random_profile:103 - Profile created: Profile794234
2025-09-30 18:23:28 | INFO     | gsb_selenium.utils.stealth_driver:_create_chrome_options:82 - Profile args: {'user_data_dir': '/Users/neevassouline/Library/Application Support/Google/Chrome', 'profile_directory': 'Profile794234'}
2025-09-30 18:23:28 | INFO     | gsb_selenium.utils.stealth_driver:_create_chrome_options:86 - Using Chrome profile: Profile794234
2025-09-30 18:23:56 | INFO     | gsb_selenium.cli:run:67 - Search session interrupted by user
2025-09-30 18:24:49 | INFO     | gsb_selenium.core.gsb:__init__:57 - GSB-Selenium instance main initialized
2025-09-30 18:24:49 | INFO     | gsb_selenium.utils.logger:log_proxy_info:81 - [main] Using proxy: https://***:***@customer-nivos_qR24w-cc-us-sessid-606188886-sesstime-10:Niv220niv220_@pr.oxylabs.io:7777
2025-09-30 18:24:49 | INFO     | gsb_selenium.core.gsb:run_search_session:69 - Starting search session with 1 searches
2025-09-30 18:24:49 | DEBUG    | gsb_selenium.utils.search_manager:get_next_search_term:87 - Selected search term: 'top mobile app development services test'
2025-09-30 18:24:50 | INFO     | gsb_selenium.utils.logger:start_run:95 - Starting run run_20250930_182450 - Search: 'top mobile app development services test', Target: 'quizlet.com'
2025-09-30 18:24:50 | INFO     | gsb_selenium.utils.logger:log_search_start:57 - [main] Starting search for: 'top mobile app development services test'
2025-09-30 18:24:50 | DEBUG    | gsb_selenium.utils.profile_manager:_setup_profile_structure:186 - Created profile structure for Profile412039
2025-09-30 18:24:50 | DEBUG    | gsb_selenium.utils.profile_manager:_setup_profile_history:213 - Created empty History file
2025-09-30 18:24:50 | INFO     | gsb_selenium.utils.profile_manager:create_random_profile:96 - Created Chrome profile: Profile412039
2025-09-30 18:24:50 | INFO     | gsb_selenium.utils.profile_manager:create_random_profile:103 - Profile created: Profile412039
2025-09-30 18:24:50 | INFO     | gsb_selenium.utils.stealth_driver:_create_chrome_options:82 - Profile args: {'user_data_dir': '/Users/neevassouline/Library/Application Support/Google/Chrome', 'profile_directory': 'Profile412039'}
2025-09-30 18:24:50 | INFO     | gsb_selenium.utils.stealth_driver:_create_chrome_options:86 - Using Chrome profile: Profile412039
2025-09-30 18:25:30 | INFO     | gsb_selenium.cli:run:67 - Search session interrupted by user
2025-09-30 18:39:39 | INFO     | gsb_selenium.core.gsb:__init__:57 - GSB-Selenium instance main initialized
2025-09-30 18:39:39 | INFO     | gsb_selenium.utils.logger:log_proxy_info:81 - [main] Using proxy: https://***:***@customer-nivos_qR24w-cc-us-sessid-606151995-sesstime-10:Niv220niv220_@pr.oxylabs.io:7777
2025-09-30 18:39:39 | INFO     | gsb_selenium.core.gsb:run_search_session:69 - Starting search session with 1 searches
2025-09-30 18:39:39 | DEBUG    | gsb_selenium.utils.search_manager:get_next_search_term:87 - Selected search term: 'best affiliate marketing test'
2025-09-30 18:39:40 | INFO     | gsb_selenium.utils.logger:start_run:95 - Starting run run_20250930_183940 - Search: 'best affiliate marketing test', Target: 'quizlet.com'
2025-09-30 18:39:40 | INFO     | gsb_selenium.utils.logger:log_search_start:57 - [main] Starting search for: 'best affiliate marketing test'
2025-09-30 18:39:40 | DEBUG    | gsb_selenium.utils.profile_manager:_setup_profile_structure:186 - Created profile structure for Profile908289
2025-09-30 18:39:40 | DEBUG    | gsb_selenium.utils.profile_manager:_setup_profile_history:213 - Created empty History file
2025-09-30 18:39:40 | INFO     | gsb_selenium.utils.profile_manager:create_random_profile:96 - Created Chrome profile: Profile908289
2025-09-30 18:39:40 | INFO     | gsb_selenium.utils.profile_manager:create_random_profile:103 - Profile created: Profile908289
2025-09-30 18:39:40 | INFO     | gsb_selenium.utils.stealth_driver:_create_chrome_options:82 - Profile args: {'user_data_dir': '/Users/neevassouline/Library/Application Support/Google/Chrome', 'profile_directory': 'Profile908289'}
2025-09-30 18:39:40 | INFO     | gsb_selenium.utils.stealth_driver:_create_chrome_options:86 - Using Chrome profile: Profile908289
2025-09-30 18:39:49 | INFO     | gsb_selenium.utils.stealth_driver:create_driver:61 - StealthDriver created for instance main
2025-09-30 18:39:50 | INFO     | gsb_selenium.core.gsb:_perform_search:134 - Navigating to Google
2025-09-30 18:56:55 | ERROR    | gsb_selenium.utils.logger:log_error:87 - [main] Error performing search: Message: invalid session id: session deleted as the browser has closed the connection
from disconnected: not connected to DevTools
  (Session info: chrome=140.0.7339.213); For documentation on this error, please visit: https://www.selenium.dev/documentation/webdriver/troubleshooting/errors#invalidsessionidexception
Stacktrace:
0   undetected_chromedriver             0x00000001012ce908 undetected_chromedriver + 6379784
1   undetected_chromedriver             0x00000001012c600a undetected_chromedriver + 6344714
2   undetected_chromedriver             0x0000000100d21df0 undetected_chromedriver + 429552
3   undetected_chromedriver             0x0000000100d0884d undetected_chromedriver + 325709
4   undetected_chromedriver             0x0000000100d30b0d undetected_chromedriver + 490253
5   undetected_chromedriver             0x0000000100da247f undetected_chromedriver + 955519
6   undetected_chromedriver             0x0000000100dc0f4c undetected_chromedriver + 1081164
7   undetected_chromedriver             0x0000000100d99ea3 undetected_chromedriver + 921251
8   undetected_chromedriver             0x0000000100d6639a undetected_chromedriver + 709530
9   undetected_chromedriver             0x0000000100d67061 undetected_chromedriver + 712801
10  undetected_chromedriver             0x000000010128c7b0 undetected_chromedriver + 6109104
11  undetected_chromedriver             0x0000000101290635 undetected_chromedriver + 6125109
12  undetected_chromedriver             0x0000000101267c67 undetected_chromedriver + 5958759
13  undetected_chromedriver             0x00000001012910af undetected_chromedriver + 6127791
14  undetected_chromedriver             0x0000000101256fe4 undetected_chromedriver + 5890020
15  undetected_chromedriver             0x00000001012b3258 undetected_chromedriver + 6267480
16  undetected_chromedriver             0x00000001012b341c undetected_chromedriver + 6267932
17  undetected_chromedriver             0x00000001012c5be1 undetected_chromedriver + 6343649
18  libsystem_pthread.dylib             0x00007ff800e4b202 _pthread_start + 99
19  libsystem_pthread.dylib             0x00007ff800e46bab thread_start + 15

2025-09-30 18:56:56 | INFO     | gsb_selenium.utils.stealth_driver:quit:300 - StealthDriver quit for instance main
2025-09-30 18:56:56 | INFO     | gsb_selenium.utils.profile_manager:cleanup_profile:299 - Cleaned up profile: Profile908289
2025-09-30 18:56:56 | INFO     | gsb_selenium.utils.logger:log_search_completion:63 - [main] Search 'best affiliate marketing test' completed in 1036.09s - FAILED
2025-09-30 18:56:56 | INFO     | gsb_selenium.utils.logger:end_run:102 - Run run_20250930_183940 completed in 1036.09s - FAILED
2025-09-30 18:56:56 | INFO     | gsb_selenium.cli:run:64 - GSB-Selenium instance 'main' completed successfully
2025-09-30 20:05:47 | INFO     | gsb_selenium.core.gsb:__init__:57 - GSB-Selenium instance main initialized
2025-09-30 20:05:47 | INFO     | gsb_selenium.utils.logger:log_proxy_info:81 - [main] Using proxy: https://***:***@customer-nivos_qR24w-cc-us-sessid-606163282-sesstime-10:Niv220niv220_@pr.oxylabs.io:7777
2025-09-30 20:05:47 | INFO     | gsb_selenium.core.gsb:run_search_session:69 - Starting search session with 1 searches
2025-09-30 20:05:47 | DEBUG    | gsb_selenium.utils.search_manager:get_next_search_term:87 - Selected search term: 'marketing automation company test'
2025-09-30 20:05:47 | INFO     | gsb_selenium.utils.logger:start_run:95 - Starting run run_20250930_200547 - Search: 'marketing automation company test', Target: 'quizlet.com'
2025-09-30 20:05:47 | INFO     | gsb_selenium.utils.logger:log_search_start:57 - [main] Starting search for: 'marketing automation company test'
2025-09-30 20:05:47 | DEBUG    | gsb_selenium.utils.profile_manager:_setup_profile_structure:186 - Created profile structure for Profile764649
2025-09-30 20:05:47 | DEBUG    | gsb_selenium.utils.profile_manager:_setup_profile_history:213 - Created empty History file
2025-09-30 20:05:47 | INFO     | gsb_selenium.utils.profile_manager:create_random_profile:96 - Created Chrome profile: Profile764649
2025-09-30 20:05:47 | INFO     | gsb_selenium.utils.profile_manager:create_random_profile:103 - Profile created: Profile764649
2025-09-30 20:05:47 | INFO     | gsb_selenium.utils.stealth_driver:_create_chrome_options:82 - Profile args: {'user_data_dir': '/Users/neevassouline/Library/Application Support/Google/Chrome', 'profile_directory': 'Profile764649'}
2025-09-30 20:05:47 | INFO     | gsb_selenium.utils.stealth_driver:_create_chrome_options:86 - Using Chrome profile: Profile764649
2025-09-30 20:06:51 | ERROR    | gsb_selenium.utils.logger:log_error:87 - [main] Search failed: Message: session not created: cannot connect to chrome at 127.0.0.1:57026
from chrome not reachable; For documentation on this error, please visit: https://www.selenium.dev/documentation/webdriver/troubleshooting/errors#sessionnotcreatedexception
Stacktrace:
0   undetected_chromedriver             0x00000001008fe908 undetected_chromedriver + 6379784
1   undetected_chromedriver             0x00000001008f600a undetected_chromedriver + 6344714
2   undetected_chromedriver             0x0000000100351c33 undetected_chromedriver + 429107
3   undetected_chromedriver             0x000000010033d7c2 undetected_chromedriver + 346050
4   undetected_chromedriver             0x0000000100391fa9 undetected_chromedriver + 692137
5   undetected_chromedriver             0x00000001003873ad undetected_chromedriver + 648109
6   undetected_chromedriver             0x00000001003d84b1 undetected_chromedriver + 980145
7   undetected_chromedriver             0x00000001003d7b46 undetected_chromedriver + 977734
8   undetected_chromedriver             0x00000001003c9ea3 undetected_chromedriver + 921251
9   undetected_chromedriver             0x000000010039639a undetected_chromedriver + 709530
10  undetected_chromedriver             0x0000000100397061 undetected_chromedriver + 712801
11  undetected_chromedriver             0x00000001008bc7b0 undetected_chromedriver + 6109104
12  undetected_chromedriver             0x00000001008c0635 undetected_chromedriver + 6125109
13  undetected_chromedriver             0x0000000100897c67 undetected_chromedriver + 5958759
14  undetected_chromedriver             0x00000001008c10af undetected_chromedriver + 6127791
15  undetected_chromedriver             0x0000000100886fe4 undetected_chromedriver + 5890020
16  undetected_chromedriver             0x00000001008e3258 undetected_chromedriver + 6267480
17  undetected_chromedriver             0x00000001008e341c undetected_chromedriver + 6267932
18  undetected_chromedriver             0x00000001008f5be1 undetected_chromedriver + 6343649
19  libsystem_pthread.dylib             0x00007ff800e4b202 _pthread_start + 99
20  libsystem_pthread.dylib             0x00007ff800e46bab thread_start + 15

2025-09-30 20:06:51 | INFO     | gsb_selenium.utils.logger:end_run:102 - Run run_20250930_200547 completed in 63.46s - FAILED
2025-09-30 20:06:51 | INFO     | gsb_selenium.cli:run:64 - GSB-Selenium instance 'main' completed successfully
2025-09-30 20:06:51 | INFO     | gsb_selenium.utils.profile_manager:cleanup_profile:299 - Cleaned up profile: Profile764649
2025-09-30 20:08:19 | INFO     | gsb_selenium.core.gsb:__init__:57 - GSB-Selenium instance main initialized
2025-09-30 20:08:19 | INFO     | gsb_selenium.utils.logger:log_proxy_info:81 - [main] Using proxy: https://***:***@customer-nivos_qR24w-cc-us-sessid-606164862-sesstime-10:Niv220niv220_@pr.oxylabs.io:7777
2025-09-30 20:08:19 | INFO     | gsb_selenium.core.gsb:run_search_session:69 - Starting search session with 1 searches
2025-09-30 20:08:19 | DEBUG    | gsb_selenium.utils.search_manager:get_next_search_term:87 - Selected search term: 'top ppc advertising company test'
2025-09-30 20:08:19 | INFO     | gsb_selenium.utils.logger:start_run:95 - Starting run run_20250930_200819 - Search: 'top ppc advertising company test', Target: 'quizlet.com'
2025-09-30 20:08:19 | INFO     | gsb_selenium.utils.logger:log_search_start:57 - [main] Starting search for: 'top ppc advertising company test'
2025-09-30 20:08:19 | DEBUG    | gsb_selenium.utils.profile_manager:_setup_profile_structure:186 - Created profile structure for Profile965303
2025-09-30 20:08:19 | DEBUG    | gsb_selenium.utils.profile_manager:_setup_profile_history:213 - Created empty History file
2025-09-30 20:08:19 | INFO     | gsb_selenium.utils.profile_manager:create_random_profile:96 - Created Chrome profile: Profile965303
2025-09-30 20:08:19 | INFO     | gsb_selenium.utils.profile_manager:create_random_profile:103 - Profile created: Profile965303
2025-09-30 20:08:19 | INFO     | gsb_selenium.utils.stealth_driver:_create_chrome_options:82 - Profile args: {'user_data_dir': '/Users/neevassouline/Library/Application Support/Google/Chrome', 'profile_directory': 'Profile965303'}
2025-09-30 20:08:19 | INFO     | gsb_selenium.utils.stealth_driver:_create_chrome_options:86 - Using Chrome profile: Profile965303
2025-09-30 20:08:59 | INFO     | gsb_selenium.cli:run:67 - Search session interrupted by user
2025-09-30 20:12:07 | INFO     | gsb_selenium.core.gsb:__init__:57 - GSB-Selenium instance main initialized
2025-09-30 20:12:07 | INFO     | gsb_selenium.utils.logger:log_proxy_info:81 - [main] Using proxy: https://***:***@customer-nivos_qR24w-cc-us-sessid-606174642-sesstime-10:Niv220niv220_@pr.oxylabs.io:7777
2025-09-30 20:12:07 | INFO     | gsb_selenium.core.gsb:run_search_session:69 - Starting search session with 1 searches
2025-09-30 20:12:07 | DEBUG    | gsb_selenium.utils.search_manager:get_next_search_term:87 - Selected search term: 'top graphic design services test'
2025-09-30 20:12:07 | INFO     | gsb_selenium.utils.logger:start_run:95 - Starting run run_20250930_201207 - Search: 'top graphic design services test', Target: 'quizlet.com'
2025-09-30 20:12:07 | INFO     | gsb_selenium.utils.logger:log_search_start:57 - [main] Starting search for: 'top graphic design services test'
2025-09-30 20:12:07 | DEBUG    | gsb_selenium.utils.profile_manager:_setup_profile_structure:186 - Created profile structure for Profile397210
2025-09-30 20:12:07 | DEBUG    | gsb_selenium.utils.profile_manager:_setup_profile_history:213 - Created empty History file
2025-09-30 20:12:07 | INFO     | gsb_selenium.utils.profile_manager:create_random_profile:96 - Created Chrome profile: Profile397210
2025-09-30 20:12:07 | INFO     | gsb_selenium.utils.profile_manager:create_random_profile:103 - Profile created: Profile397210
2025-09-30 20:12:07 | INFO     | gsb_selenium.utils.stealth_driver:_create_chrome_options:82 - Profile args: {'user_data_dir': '/Users/neevassouline/Library/Application Support/Google/Chrome', 'profile_directory': 'Profile397210'}
2025-09-30 20:12:07 | INFO     | gsb_selenium.utils.stealth_driver:_create_chrome_options:86 - Using Chrome profile: Profile397210
2025-09-30 20:12:28 | INFO     | gsb_selenium.cli:run:67 - Search session interrupted by user
2025-09-30 20:12:28 | INFO     | gsb_selenium.utils.profile_manager:cleanup_profile:299 - Cleaned up profile: Profile397210
2025-09-30 20:13:51 | INFO     | gsb_selenium.core.gsb:__init__:57 - GSB-Selenium instance main initialized
2025-09-30 20:13:51 | INFO     | gsb_selenium.utils.logger:log_proxy_info:81 - [main] Using proxy: https://***:***@customer-nivos_qR24w-cc-us-sessid-606218841-sesstime-10:Niv220niv220_@pr.oxylabs.io:7777
2025-09-30 20:13:51 | INFO     | gsb_selenium.core.gsb:run_search_session:69 - Starting search session with 1 searches
2025-09-30 20:13:51 | DEBUG    | gsb_selenium.utils.search_manager:get_next_search_term:87 - Selected search term: 'growth hacking services services test'
2025-09-30 20:13:51 | INFO     | gsb_selenium.utils.logger:start_run:95 - Starting run run_20250930_201351 - Search: 'growth hacking services services test', Target: 'quizlet.com'
2025-09-30 20:13:51 | INFO     | gsb_selenium.utils.logger:log_search_start:57 - [main] Starting search for: 'growth hacking services services test'
2025-09-30 20:13:51 | DEBUG    | gsb_selenium.utils.profile_manager:_setup_profile_structure:186 - Created profile structure for Profile667456
2025-09-30 20:13:51 | DEBUG    | gsb_selenium.utils.profile_manager:_setup_profile_history:213 - Created empty History file
2025-09-30 20:13:51 | INFO     | gsb_selenium.utils.profile_manager:create_random_profile:96 - Created Chrome profile: Profile667456
2025-09-30 20:13:51 | INFO     | gsb_selenium.utils.profile_manager:create_random_profile:103 - Profile created: Profile667456
2025-09-30 20:13:51 | INFO     | gsb_selenium.utils.stealth_driver:_create_chrome_options:82 - Profile args: {'user_data_dir': '/Users/neevassouline/Library/Application Support/Google/Chrome', 'profile_directory': 'Profile667456'}
2025-09-30 20:13:51 | INFO     | gsb_selenium.utils.stealth_driver:_create_chrome_options:85 - Using Chrome profile: Profile667456
2025-09-30 20:13:59 | INFO     | gsb_selenium.utils.stealth_driver:create_driver:61 - StealthDriver created for instance main
2025-09-30 20:14:00 | INFO     | gsb_selenium.core.gsb:_perform_search:134 - Navigating to Google
2025-09-30 20:14:07 | INFO     | gsb_selenium.utils.stealth_driver:quit:299 - StealthDriver quit for instance main
2025-09-30 20:14:07 | INFO     | gsb_selenium.utils.profile_manager:cleanup_profile:299 - Cleaned up profile: Profile667456
2025-09-30 20:14:07 | INFO     | gsb_selenium.cli:run:67 - Search session interrupted by user
2025-09-30 20:16:07 | INFO     | gsb_selenium.core.gsb:__init__:57 - GSB-Selenium instance main initialized
2025-09-30 20:16:07 | INFO     | gsb_selenium.utils.logger:log_proxy_info:81 - [main] Using proxy: https://***:***@customer-nivos_qR24w-cc-us-sessid-606221984-sesstime-10:Niv220niv220_@pr.oxylabs.io:7777
2025-09-30 20:16:07 | INFO     | gsb_selenium.core.gsb:run_search_session:69 - Starting search session with 1 searches
2025-09-30 20:16:07 | DEBUG    | gsb_selenium.utils.search_manager:get_next_search_term:87 - Selected search term: 'top influencer marketing services test'
2025-09-30 20:16:07 | INFO     | gsb_selenium.utils.logger:start_run:95 - Starting run run_20250930_201607 - Search: 'top influencer marketing services test', Target: 'quizlet.com'
2025-09-30 20:16:07 | INFO     | gsb_selenium.utils.logger:log_search_start:57 - [main] Starting search for: 'top influencer marketing services test'
2025-09-30 20:16:07 | DEBUG    | gsb_selenium.utils.profile_manager:_setup_profile_structure:186 - Created profile structure for Profile952019
2025-09-30 20:16:07 | DEBUG    | gsb_selenium.utils.profile_manager:_setup_profile_history:213 - Created empty History file
2025-09-30 20:16:07 | INFO     | gsb_selenium.utils.profile_manager:create_random_profile:96 - Created Chrome profile: Profile952019
2025-09-30 20:16:07 | INFO     | gsb_selenium.utils.profile_manager:create_random_profile:103 - Profile created: Profile952019
2025-09-30 20:16:07 | INFO     | gsb_selenium.utils.stealth_driver:_create_chrome_options:82 - Profile args: {'user_data_dir': '/Users/neevassouline/Library/Application Support/Google/Chrome', 'profile_directory': 'Profile952019'}
2025-09-30 20:16:07 | INFO     | gsb_selenium.utils.stealth_driver:_create_chrome_options:86 - Using Chrome profile: Profile952019
2025-09-30 20:16:37 | INFO     | gsb_selenium.cli:run:67 - Search session interrupted by user
2025-09-30 20:17:23 | INFO     | gsb_selenium.core.gsb:__init__:57 - GSB-Selenium instance main initialized
2025-09-30 20:17:23 | INFO     | gsb_selenium.utils.logger:log_proxy_info:81 - [main] Using proxy: https://***:***@customer-nivos_qR24w-cc-us-sessid-606228577-sesstime-10:Niv220niv220_@pr.oxylabs.io:7777
2025-09-30 20:17:23 | INFO     | gsb_selenium.core.gsb:run_search_session:69 - Starting search session with 1 searches
2025-09-30 20:17:23 | DEBUG    | gsb_selenium.utils.search_manager:get_next_search_term:87 - Selected search term: 'brand development services company test'
2025-09-30 20:17:23 | INFO     | gsb_selenium.utils.logger:start_run:95 - Starting run run_20250930_201723 - Search: 'brand development services company test', Target: 'quizlet.com'
2025-09-30 20:17:23 | INFO     | gsb_selenium.utils.logger:log_search_start:57 - [main] Starting search for: 'brand development services company test'
2025-09-30 20:17:23 | DEBUG    | gsb_selenium.utils.profile_manager:_setup_profile_structure:186 - Created profile structure for Profile134529
2025-09-30 20:17:23 | DEBUG    | gsb_selenium.utils.profile_manager:_setup_profile_history:213 - Created empty History file
2025-09-30 20:17:23 | INFO     | gsb_selenium.utils.profile_manager:create_random_profile:96 - Created Chrome profile: Profile134529
2025-09-30 20:17:23 | INFO     | gsb_selenium.utils.profile_manager:create_random_profile:103 - Profile created: Profile134529
2025-09-30 20:17:23 | INFO     | gsb_selenium.utils.stealth_driver:_create_chrome_options:82 - Profile args: {'user_data_dir': '/Users/neevassouline/Library/Application Support/Google/Chrome', 'profile_directory': 'Profile134529'}
2025-09-30 20:17:23 | INFO     | gsb_selenium.utils.stealth_driver:_create_chrome_options:86 - Using Chrome profile: Profile134529
2025-09-30 20:18:26 | ERROR    | gsb_selenium.utils.logger:log_error:87 - [main] Search failed: Message: session not created: cannot connect to chrome at 127.0.0.1:60288
from chrome not reachable; For documentation on this error, please visit: https://www.selenium.dev/documentation/webdriver/troubleshooting/errors#sessionnotcreatedexception
Stacktrace:
0   undetected_chromedriver             0x0000000104ea4908 undetected_chromedriver + 6379784
1   undetected_chromedriver             0x0000000104e9c00a undetected_chromedriver + 6344714
2   undetected_chromedriver             0x00000001048f7c33 undetected_chromedriver + 429107
3   undetected_chromedriver             0x00000001048e37c2 undetected_chromedriver + 346050
4   undetected_chromedriver             0x0000000104937fa9 undetected_chromedriver + 692137
5   undetected_chromedriver             0x000000010492d3ad undetected_chromedriver + 648109
6   undetected_chromedriver             0x000000010497e4b1 undetected_chromedriver + 980145
7   undetected_chromedriver             0x000000010497db46 undetected_chromedriver + 977734
8   undetected_chromedriver             0x000000010496fea3 undetected_chromedriver + 921251
9   undetected_chromedriver             0x000000010493c39a undetected_chromedriver + 709530
10  undetected_chromedriver             0x000000010493d061 undetected_chromedriver + 712801
11  undetected_chromedriver             0x0000000104e627b0 undetected_chromedriver + 6109104
12  undetected_chromedriver             0x0000000104e66635 undetected_chromedriver + 6125109
13  undetected_chromedriver             0x0000000104e3dc67 undetected_chromedriver + 5958759
14  undetected_chromedriver             0x0000000104e670af undetected_chromedriver + 6127791
15  undetected_chromedriver             0x0000000104e2cfe4 undetected_chromedriver + 5890020
16  undetected_chromedriver             0x0000000104e89258 undetected_chromedriver + 6267480
17  undetected_chromedriver             0x0000000104e8941c undetected_chromedriver + 6267932
18  undetected_chromedriver             0x0000000104e9bbe1 undetected_chromedriver + 6343649
19  libsystem_pthread.dylib             0x00007ff800e4b202 _pthread_start + 99
20  libsystem_pthread.dylib             0x00007ff800e46bab thread_start + 15

2025-09-30 20:18:26 | INFO     | gsb_selenium.utils.logger:end_run:102 - Run run_20250930_201723 completed in 62.69s - FAILED
2025-09-30 20:18:26 | INFO     | gsb_selenium.cli:run:64 - GSB-Selenium instance 'main' completed successfully
