2025-09-29 18:08:03 | INFO     | gsb_selenium.core.gsb:__init__:57 - GSB-Selenium instance main initialized
2025-09-29 18:08:03 | INFO     | gsb_selenium.utils.logger:log_proxy_info:81 - [main] Using proxy: https://***:***@customer-nivos_qR24w-cc-us-sessid-606151091-sesstime-10:Niv220niv220_@pr.oxylabs.io:7777
2025-09-29 18:08:03 | INFO     | gsb_selenium.core.gsb:run_search_session:69 - Starting search session with 1 searches
2025-09-29 18:08:03 | DEBUG    | gsb_selenium.utils.search_manager:get_next_search_term:87 - Selected search term: 'social media marketing services test'
2025-09-29 18:08:04 | INFO     | gsb_selenium.utils.logger:start_run:95 - Starting run run_20250929_180804 - Search: 'social media marketing services test', Target: 'quizlet.com'
2025-09-29 18:08:04 | INFO     | gsb_selenium.utils.logger:log_search_start:57 - [main] Starting search for: 'social media marketing services test'
2025-09-29 18:08:04 | DEBUG    | gsb_selenium.utils.profile_manager:_copy_template_files:112 - Copied Local State template
2025-09-29 18:08:04 | DEBUG    | gsb_selenium.utils.profile_manager:_copy_template_files:119 - Copied First Run template
2025-09-29 18:08:04 | DEBUG    | gsb_selenium.utils.profile_manager:_setup_profile_structure:178 - Created profile structure for Profile317761
2025-09-29 18:08:04 | DEBUG    | gsb_selenium.utils.profile_manager:_setup_profile_history:198 - Copied History template
2025-09-29 18:08:04 | DEBUG    | gsb_selenium.utils.profile_manager:_run_sql_script:249 - Executed SQL script on /Users/neevassouline/Library/Application Support/Google/Chrome/Profile317761/History
2025-09-29 18:08:04 | DEBUG    | gsb_selenium.utils.profile_manager:_randomize_history:231 - Randomized browser history
2025-09-29 18:08:04 | INFO     | gsb_selenium.utils.profile_manager:create_random_profile:96 - Created Chrome profile: Profile317761
2025-09-29 18:08:04 | INFO     | gsb_selenium.utils.stealth_driver:_create_chrome_options:84 - Using Chrome profile: Profile317761
2025-09-29 18:09:08 | ERROR    | gsb_selenium.utils.logger:log_error:87 - [main] Search failed: Message: session not created: cannot connect to chrome at 127.0.0.1:50608
from chrome not reachable; For documentation on this error, please visit: https://www.selenium.dev/documentation/webdriver/troubleshooting/errors#sessionnotcreatedexception
Stacktrace:
0   undetected_chromedriver             0x00000001029d2908 undetected_chromedriver + 6379784
1   undetected_chromedriver             0x00000001029ca00a undetected_chromedriver + 6344714
2   undetected_chromedriver             0x0000000102425c33 undetected_chromedriver + 429107
3   undetected_chromedriver             0x00000001024117c2 undetected_chromedriver + 346050
4   undetected_chromedriver             0x0000000102465fa9 undetected_chromedriver + 692137
5   undetected_chromedriver             0x000000010245b3ad undetected_chromedriver + 648109
6   undetected_chromedriver             0x00000001024ac4b1 undetected_chromedriver + 980145
7   undetected_chromedriver             0x00000001024abb46 undetected_chromedriver + 977734
8   undetected_chromedriver             0x000000010249dea3 undetected_chromedriver + 921251
9   undetected_chromedriver             0x000000010246a39a undetected_chromedriver + 709530
10  undetected_chromedriver             0x000000010246b061 undetected_chromedriver + 712801
11  undetected_chromedriver             0x00000001029907b0 undetected_chromedriver + 6109104
12  undetected_chromedriver             0x0000000102994635 undetected_chromedriver + 6125109
13  undetected_chromedriver             0x000000010296bc67 undetected_chromedriver + 5958759
14  undetected_chromedriver             0x00000001029950af undetected_chromedriver + 6127791
15  undetected_chromedriver             0x000000010295afe4 undetected_chromedriver + 5890020
16  undetected_chromedriver             0x00000001029b7258 undetected_chromedriver + 6267480
17  undetected_chromedriver             0x00000001029b741c undetected_chromedriver + 6267932
18  undetected_chromedriver             0x00000001029c9be1 undetected_chromedriver + 6343649
19  libsystem_pthread.dylib             0x00007ff800e4b202 _pthread_start + 99
20  libsystem_pthread.dylib             0x00007ff800e46bab thread_start + 15

2025-09-29 18:09:08 | INFO     | gsb_selenium.utils.logger:end_run:102 - Run run_20250929_180804 completed in 63.44s - FAILED
2025-09-29 18:09:08 | INFO     | gsb_selenium.cli:run:64 - GSB-Selenium instance 'main' completed successfully
2025-09-29 18:21:31 | INFO     | gsb_selenium.core.gsb:__init__:57 - GSB-Selenium instance main initialized
2025-09-29 18:21:31 | INFO     | gsb_selenium.utils.logger:log_proxy_info:81 - [main] Using proxy: https://***:***@customer-nivos_qR24w-cc-us-sessid-606248133-sesstime-10:Niv220niv220_@pr.oxylabs.io:7777
2025-09-29 18:21:31 | INFO     | gsb_selenium.core.gsb:run_search_session:69 - Starting search session with 1 searches
2025-09-29 18:21:31 | DEBUG    | gsb_selenium.utils.search_manager:get_next_search_term:87 - Selected search term: 'digital advertising agency test'
2025-09-29 18:21:31 | INFO     | gsb_selenium.utils.logger:start_run:95 - Starting run run_20250929_182131 - Search: 'digital advertising agency test', Target: 'quizlet.com'
2025-09-29 18:21:31 | INFO     | gsb_selenium.utils.logger:log_search_start:57 - [main] Starting search for: 'digital advertising agency test'
2025-09-29 18:21:31 | DEBUG    | gsb_selenium.utils.profile_manager:_copy_template_files:112 - Copied Local State template
2025-09-29 18:21:31 | DEBUG    | gsb_selenium.utils.profile_manager:_copy_template_files:119 - Copied First Run template
2025-09-29 18:21:31 | DEBUG    | gsb_selenium.utils.profile_manager:_setup_profile_structure:178 - Created profile structure for Profile542003
2025-09-29 18:21:31 | DEBUG    | gsb_selenium.utils.profile_manager:_setup_profile_history:198 - Copied History template
2025-09-29 18:21:31 | DEBUG    | gsb_selenium.utils.profile_manager:_run_sql_script:249 - Executed SQL script on /Users/neevassouline/Library/Application Support/Google/Chrome/Profile542003/History
2025-09-29 18:21:31 | DEBUG    | gsb_selenium.utils.profile_manager:_randomize_history:231 - Randomized browser history
2025-09-29 18:21:31 | INFO     | gsb_selenium.utils.profile_manager:create_random_profile:96 - Created Chrome profile: Profile542003
2025-09-29 18:21:31 | INFO     | gsb_selenium.utils.stealth_driver:_create_chrome_options:82 - Profile args: {'user_data_dir': '/Users/neevassouline/Library/Application Support/Google/Chrome', 'profile_directory': 'Profile542003'}
2025-09-29 18:21:31 | INFO     | gsb_selenium.utils.stealth_driver:_create_chrome_options:86 - Using Chrome profile: Profile542003
2025-09-29 18:21:38 | INFO     | gsb_selenium.cli:run:67 - Search session interrupted by user
2025-09-29 18:21:54 | INFO     | gsb_selenium.core.gsb:__init__:57 - GSB-Selenium instance main initialized
2025-09-29 18:21:54 | INFO     | gsb_selenium.utils.logger:log_proxy_info:81 - [main] Using proxy: https://***:***@customer-nivos_qR24w-cc-us-sessid-606170645-sesstime-10:Niv220niv220_@pr.oxylabs.io:7777
2025-09-29 18:21:54 | INFO     | gsb_selenium.core.gsb:run_search_session:69 - Starting search session with 1 searches
2025-09-29 18:21:54 | DEBUG    | gsb_selenium.utils.search_manager:get_next_search_term:87 - Selected search term: 'marketing consultancy company test'
2025-09-29 18:21:54 | INFO     | gsb_selenium.utils.logger:start_run:95 - Starting run run_20250929_182154 - Search: 'marketing consultancy company test', Target: 'quizlet.com'
2025-09-29 18:21:54 | INFO     | gsb_selenium.utils.logger:log_search_start:57 - [main] Starting search for: 'marketing consultancy company test'
2025-09-29 18:21:54 | DEBUG    | gsb_selenium.utils.profile_manager:_copy_template_files:112 - Copied Local State template
2025-09-29 18:21:54 | DEBUG    | gsb_selenium.utils.profile_manager:_copy_template_files:119 - Copied First Run template
2025-09-29 18:21:54 | DEBUG    | gsb_selenium.utils.profile_manager:_setup_profile_structure:178 - Created profile structure for Profile425541
2025-09-29 18:21:54 | DEBUG    | gsb_selenium.utils.profile_manager:_setup_profile_history:198 - Copied History template
2025-09-29 18:21:54 | DEBUG    | gsb_selenium.utils.profile_manager:_run_sql_script:249 - Executed SQL script on /Users/neevassouline/Library/Application Support/Google/Chrome/Profile425541/History
2025-09-29 18:21:54 | DEBUG    | gsb_selenium.utils.profile_manager:_randomize_history:231 - Randomized browser history
2025-09-29 18:21:54 | INFO     | gsb_selenium.utils.profile_manager:create_random_profile:96 - Created Chrome profile: Profile425541
2025-09-29 18:21:54 | INFO     | gsb_selenium.utils.stealth_driver:_create_chrome_options:82 - Profile args: {'user_data_dir': '/Users/neevassouline/Library/Application Support/Google/Chrome', 'profile_directory': 'Profile425541'}
2025-09-29 18:21:54 | INFO     | gsb_selenium.utils.stealth_driver:_create_chrome_options:86 - Using Chrome profile: Profile425541
2025-09-29 18:22:45 | INFO     | gsb_selenium.cli:run:67 - Search session interrupted by user
2025-09-29 18:22:45 | INFO     | gsb_selenium.utils.profile_manager:cleanup_profile:291 - Cleaned up profile: Profile425541
2025-09-29 18:22:53 | INFO     | gsb_selenium.core.gsb:__init__:57 - GSB-Selenium instance main initialized
2025-09-29 18:22:53 | INFO     | gsb_selenium.utils.logger:log_proxy_info:81 - [main] Using proxy: https://***:***@customer-nivos_qR24w-cc-us-sessid-606153264-sesstime-10:Niv220niv220_@pr.oxylabs.io:7777
2025-09-29 18:22:53 | INFO     | gsb_selenium.core.gsb:run_search_session:69 - Starting search session with 1 searches
2025-09-29 18:22:53 | DEBUG    | gsb_selenium.utils.search_manager:get_next_search_term:87 - Selected search term: 'top email marketing campaigns company test'
2025-09-29 18:22:53 | INFO     | gsb_selenium.utils.logger:start_run:95 - Starting run run_20250929_182253 - Search: 'top email marketing campaigns company test', Target: 'quizlet.com'
2025-09-29 18:22:53 | INFO     | gsb_selenium.utils.logger:log_search_start:57 - [main] Starting search for: 'top email marketing campaigns company test'
2025-09-29 18:22:53 | DEBUG    | gsb_selenium.utils.profile_manager:_copy_template_files:112 - Copied Local State template
2025-09-29 18:22:53 | DEBUG    | gsb_selenium.utils.profile_manager:_copy_template_files:119 - Copied First Run template
2025-09-29 18:22:53 | DEBUG    | gsb_selenium.utils.profile_manager:_setup_profile_structure:178 - Created profile structure for Profile925910
2025-09-29 18:22:53 | DEBUG    | gsb_selenium.utils.profile_manager:_setup_profile_history:198 - Copied History template
2025-09-29 18:22:53 | DEBUG    | gsb_selenium.utils.profile_manager:_run_sql_script:249 - Executed SQL script on /Users/neevassouline/Library/Application Support/Google/Chrome/Profile925910/History
2025-09-29 18:22:53 | DEBUG    | gsb_selenium.utils.profile_manager:_randomize_history:231 - Randomized browser history
2025-09-29 18:22:53 | INFO     | gsb_selenium.utils.profile_manager:create_random_profile:96 - Created Chrome profile: Profile925910
2025-09-29 18:22:53 | INFO     | gsb_selenium.utils.stealth_driver:_create_chrome_options:82 - Profile args: {'user_data_dir': '/Users/neevassouline/Library/Application Support/Google/Chrome', 'profile_directory': 'Profile925910'}
2025-09-29 18:22:53 | INFO     | gsb_selenium.utils.stealth_driver:_create_chrome_options:86 - Using Chrome profile: Profile925910
2025-09-29 18:23:56 | INFO     | gsb_selenium.cli:run:67 - Search session interrupted by user
2025-09-29 18:23:56 | INFO     | gsb_selenium.utils.profile_manager:cleanup_profile:291 - Cleaned up profile: Profile925910
2025-09-29 18:27:45 | INFO     | gsb_selenium.core.gsb:__init__:57 - GSB-Selenium instance main initialized
2025-09-29 18:27:45 | INFO     | gsb_selenium.utils.logger:log_proxy_info:81 - [main] Using proxy: https://***:***@customer-nivos_qR24w-cc-us-sessid-606195371-sesstime-10:Niv220niv220_@pr.oxylabs.io:7777
2025-09-29 18:27:45 | INFO     | gsb_selenium.core.gsb:run_search_session:69 - Starting search session with 1 searches
2025-09-29 18:27:45 | DEBUG    | gsb_selenium.utils.search_manager:get_next_search_term:87 - Selected search term: 'top online advertising test'
2025-09-29 18:27:45 | INFO     | gsb_selenium.utils.logger:start_run:95 - Starting run run_20250929_182745 - Search: 'top online advertising test', Target: 'quizlet.com'
2025-09-29 18:27:45 | INFO     | gsb_selenium.utils.logger:log_search_start:57 - [main] Starting search for: 'top online advertising test'
2025-09-29 18:27:46 | DEBUG    | gsb_selenium.utils.profile_manager:_setup_profile_structure:178 - Created profile structure for Profile564649
2025-09-29 18:27:46 | DEBUG    | gsb_selenium.utils.profile_manager:_setup_profile_history:205 - Created empty History file
2025-09-29 18:27:46 | INFO     | gsb_selenium.utils.profile_manager:create_random_profile:96 - Created Chrome profile: Profile564649
2025-09-29 18:27:46 | INFO     | gsb_selenium.utils.stealth_driver:_create_chrome_options:82 - Profile args: {'user_data_dir': '/Users/neevassouline/Library/Application Support/Google/Chrome', 'profile_directory': 'Profile564649'}
2025-09-29 18:27:46 | INFO     | gsb_selenium.utils.stealth_driver:_create_chrome_options:86 - Using Chrome profile: Profile564649
2025-09-29 18:28:48 | ERROR    | gsb_selenium.utils.logger:log_error:87 - [main] Search failed: Message: session not created: cannot connect to chrome at 127.0.0.1:54377
from chrome not reachable; For documentation on this error, please visit: https://www.selenium.dev/documentation/webdriver/troubleshooting/errors#sessionnotcreatedexception
Stacktrace:
0   undetected_chromedriver             0x000000010150c908 undetected_chromedriver + 6379784
1   undetected_chromedriver             0x000000010150400a undetected_chromedriver + 6344714
2   undetected_chromedriver             0x0000000100f5fc33 undetected_chromedriver + 429107
3   undetected_chromedriver             0x0000000100f4b7c2 undetected_chromedriver + 346050
4   undetected_chromedriver             0x0000000100f9ffa9 undetected_chromedriver + 692137
5   undetected_chromedriver             0x0000000100f953ad undetected_chromedriver + 648109
6   undetected_chromedriver             0x0000000100fe64b1 undetected_chromedriver + 980145
7   undetected_chromedriver             0x0000000100fe5b46 undetected_chromedriver + 977734
8   undetected_chromedriver             0x0000000100fd7ea3 undetected_chromedriver + 921251
9   undetected_chromedriver             0x0000000100fa439a undetected_chromedriver + 709530
10  undetected_chromedriver             0x0000000100fa5061 undetected_chromedriver + 712801
11  undetected_chromedriver             0x00000001014ca7b0 undetected_chromedriver + 6109104
12  undetected_chromedriver             0x00000001014ce635 undetected_chromedriver + 6125109
13  undetected_chromedriver             0x00000001014a5c67 undetected_chromedriver + 5958759
14  undetected_chromedriver             0x00000001014cf0af undetected_chromedriver + 6127791
15  undetected_chromedriver             0x0000000101494fe4 undetected_chromedriver + 5890020
16  undetected_chromedriver             0x00000001014f1258 undetected_chromedriver + 6267480
17  undetected_chromedriver             0x00000001014f141c undetected_chromedriver + 6267932
18  undetected_chromedriver             0x0000000101503be1 undetected_chromedriver + 6343649
19  libsystem_pthread.dylib             0x00007ff800e4b202 _pthread_start + 99
20  libsystem_pthread.dylib             0x00007ff800e46bab thread_start + 15

2025-09-29 18:28:48 | INFO     | gsb_selenium.utils.logger:end_run:102 - Run run_20250929_182745 completed in 62.72s - FAILED
2025-09-29 18:28:48 | INFO     | gsb_selenium.cli:run:64 - GSB-Selenium instance 'main' completed successfully
